
*** Running vivado
    with args -log vga_3_chromes.vds -m64 -product Vivado -mode batch -messageDb vivado.pb -notrace -source vga_3_chromes.tcl


ECHO is off.
ECHO is off.

****** Vivado v2023.2 (64-bit)
  **** SW Build 4029153 on Fri Oct 13 20:14:34 MDT 2023
  **** IP Build 4028589 on Sat Oct 14 00:45:43 MDT 2023
  **** SharedData Build 4025554 on Tue Oct 10 17:18:54 MDT 2023
    ** Copyright 1986-2022 Xilinx, Inc. All Rights Reserved.
    ** Copyright 2022-2023 Advanced Micro Devices, Inc. All Rights Reserved.

source vga_3_chromes.tcl -notrace
Command: synth_design -top vga_3_chromes -part xc7a35tcpg236-1
Starting synth_design
Attempting to get a license for feature 'Synthesis' and/or device 'xc7a35t'
INFO: [Common 17-349] Got license for feature 'Synthesis' and/or device 'xc7a35t'
INFO: [Device 21-403] Loading part xc7a35tcpg236-1
INFO: [Synth 8-7079] Multithreading enabled for synth_design using a maximum of 2 processes.
INFO: [Synth 8-7078] Launching helper process for spawning children vivado processes
INFO: [Synth 8-7075] Helper process launched with PID 8496
---------------------------------------------------------------------------------
Starting RTL Elaboration : Time (s): cpu = 00:00:04 ; elapsed = 00:00:04 . Memory (MB): peak = 1316.684 ; gain = 438.883
---------------------------------------------------------------------------------
INFO: [Synth 8-638] synthesizing module 'vga_3_chromes' [C:/Users/maxim/VHDL/FPGA/AFFICHAGE VGA/VGA 3 COULEURS/vga_3_chromes.vhd:12]
INFO: [Synth 8-3491] module 'div_25MHz' declared at 'C:/Users/maxim/VHDL/FPGA/AFFICHAGE VGA/VGA MONOCHROME/div_25MHz.vhd:6' bound to instance 'U0' of component 'div_25MHz' [C:/Users/maxim/VHDL/FPGA/AFFICHAGE VGA/VGA 3 COULEURS/vga_3_chromes.vhd:43]
INFO: [Synth 8-638] synthesizing module 'div_25MHz' [C:/Users/maxim/VHDL/FPGA/AFFICHAGE VGA/VGA MONOCHROME/div_25MHz.vhd:13]
INFO: [Synth 8-256] done synthesizing module 'div_25MHz' (0#1) [C:/Users/maxim/VHDL/FPGA/AFFICHAGE VGA/VGA MONOCHROME/div_25MHz.vhd:13]
INFO: [Synth 8-3491] module 'vga_controller_640_60' declared at 'C:/Users/maxim/VHDL/FPGA/AFFICHAGE VGA/VGA MONOCHROME/vga_controller_640_60.vhd:6' bound to instance 'U1' of component 'vga_controller_640_60' [C:/Users/maxim/VHDL/FPGA/AFFICHAGE VGA/VGA 3 COULEURS/vga_3_chromes.vhd:44]
INFO: [Synth 8-638] synthesizing module 'vga_controller_640_60' [C:/Users/maxim/VHDL/FPGA/AFFICHAGE VGA/VGA MONOCHROME/vga_controller_640_60.vhd:14]
INFO: [Synth 8-256] done synthesizing module 'vga_controller_640_60' (0#1) [C:/Users/maxim/VHDL/FPGA/AFFICHAGE VGA/VGA MONOCHROME/vga_controller_640_60.vhd:14]
INFO: [Synth 8-3491] module 'memory_rom' declared at 'C:/Users/maxim/VHDL/FPGA/AFFICHAGE VGA/VGA 3 COULEURS/memory_rom.vhd:6' bound to instance 'U2' of component 'memory_rom' [C:/Users/maxim/VHDL/FPGA/AFFICHAGE VGA/VGA 3 COULEURS/vga_3_chromes.vhd:45]
INFO: [Synth 8-638] synthesizing module 'memory_rom' [C:/Users/maxim/VHDL/FPGA/AFFICHAGE VGA/VGA 3 COULEURS/memory_rom.vhd:14]
ERROR: [Synth 8-428] missing elements in aggregate or subelement association [C:/Users/maxim/VHDL/FPGA/AFFICHAGE VGA/VGA 3 COULEURS/memory_rom.vhd:23]
ERROR: [Synth 8-421] mismatched array sizes in rhs and lhs of assignment [C:/Users/maxim/VHDL/FPGA/AFFICHAGE VGA/VGA 3 COULEURS/memory_rom.vhd:23]
ERROR: [Synth 8-421] mismatched array sizes in rhs and lhs of assignment [C:/Users/maxim/VHDL/FPGA/AFFICHAGE VGA/VGA 3 COULEURS/memory_rom.vhd:23]
ERROR: [Synth 8-285] failed synthesizing module 'memory_rom' [C:/Users/maxim/VHDL/FPGA/AFFICHAGE VGA/VGA 3 COULEURS/memory_rom.vhd:14]
ERROR: [Synth 8-285] failed synthesizing module 'vga_3_chromes' [C:/Users/maxim/VHDL/FPGA/AFFICHAGE VGA/VGA 3 COULEURS/vga_3_chromes.vhd:12]
---------------------------------------------------------------------------------
Finished RTL Elaboration : Time (s): cpu = 00:00:07 ; elapsed = 00:00:07 . Memory (MB): peak = 1527.586 ; gain = 649.785
---------------------------------------------------------------------------------
RTL Elaboration failed
INFO: [Common 17-83] Releasing license: Synthesis
15 Infos, 0 Warnings, 0 Critical Warnings and 6 Errors encountered.
synth_design failed
ERROR: [Common 17-69] Command failed: Synthesis failed - please see the console or run log file for details
INFO: [Common 17-206] Exiting Vivado at Sat Apr 20 18:51:13 2024...
