
*** Running vivado
    with args -log pong.vds -m64 -product Vivado -mode batch -messageDb vivado.pb -notrace -source pong.tcl


ECHO is off.
ECHO is off.

****** Vivado v2023.2 (64-bit)
  **** SW Build 4029153 on Fri Oct 13 20:14:34 MDT 2023
  **** IP Build 4028589 on Sat Oct 14 00:45:43 MDT 2023
  **** SharedData Build 4025554 on Tue Oct 10 17:18:54 MDT 2023
    ** Copyright 1986-2022 Xilinx, Inc. All Rights Reserved.
    ** Copyright 2022-2023 Advanced Micro Devices, Inc. All Rights Reserved.

source pong.tcl -notrace
Command: read_checkpoint -auto_incremental -incremental {C:/Users/maxim/VHDL/FPGA/AFFICHAGE VGA/PONG/PONG/PONG.srcs/utils_1/imports/synth_1/pong.dcp}
INFO: [Vivado 12-5825] Read reference checkpoint from C:/Users/maxim/VHDL/FPGA/AFFICHAGE VGA/PONG/PONG/PONG.srcs/utils_1/imports/synth_1/pong.dcp for incremental synthesis
INFO: [Vivado 12-7989] Please ensure there are no constraint changes
Command: synth_design -top pong -part xc7a35tcpg236-1
Starting synth_design
Attempting to get a license for feature 'Synthesis' and/or device 'xc7a35t'
INFO: [Common 17-349] Got license for feature 'Synthesis' and/or device 'xc7a35t'
INFO: [Device 21-403] Loading part xc7a35tcpg236-1
INFO: [Designutils 20-5440] No compile time benefit to using incremental synthesis; A full resynthesis will be run
INFO: [Designutils 20-4379] Flow is switching to default flow due to incremental criteria not met. If you would like to alter this behaviour and have the flow terminate instead, please set the following parameter config_implementation {autoIncr.Synth.RejectBehavior Terminate}
INFO: [Synth 8-7079] Multithreading enabled for synth_design using a maximum of 2 processes.
INFO: [Synth 8-7078] Launching helper process for spawning children vivado processes
INFO: [Synth 8-7075] Helper process launched with PID 17204
---------------------------------------------------------------------------------
Starting RTL Elaboration : Time (s): cpu = 00:00:04 ; elapsed = 00:00:04 . Memory (MB): peak = 1321.051 ; gain = 440.836
---------------------------------------------------------------------------------
INFO: [Synth 8-638] synthesizing module 'pong' [C:/Users/maxim/VHDL/FPGA/AFFICHAGE VGA/PONG/pong.vhd:12]
INFO: [Synth 8-3491] module 'div_25MHz' declared at 'C:/Users/maxim/VHDL/FPGA/AFFICHAGE VGA/PONG/div_25MHz.vhd:6' bound to instance 'A0' of component 'div_25MHz' [C:/Users/maxim/VHDL/FPGA/AFFICHAGE VGA/PONG/pong.vhd:76]
INFO: [Synth 8-638] synthesizing module 'div_25MHz' [C:/Users/maxim/VHDL/FPGA/AFFICHAGE VGA/PONG/div_25MHz.vhd:13]
INFO: [Synth 8-256] done synthesizing module 'div_25MHz' (0#1) [C:/Users/maxim/VHDL/FPGA/AFFICHAGE VGA/PONG/div_25MHz.vhd:13]
INFO: [Synth 8-3491] module 'vga_controller_640_60' declared at 'C:/Users/maxim/VHDL/FPGA/AFFICHAGE VGA/PONG/vga_controller_640_60.vhd:6' bound to instance 'A1' of component 'vga_controller_640_60' [C:/Users/maxim/VHDL/FPGA/AFFICHAGE VGA/PONG/pong.vhd:77]
INFO: [Synth 8-638] synthesizing module 'vga_controller_640_60' [C:/Users/maxim/VHDL/FPGA/AFFICHAGE VGA/PONG/vga_controller_640_60.vhd:14]
INFO: [Synth 8-256] done synthesizing module 'vga_controller_640_60' (0#1) [C:/Users/maxim/VHDL/FPGA/AFFICHAGE VGA/PONG/vga_controller_640_60.vhd:14]
INFO: [Synth 8-3491] module 'div_6MHz' declared at 'C:/Users/maxim/VHDL/FPGA/AFFICHAGE VGA/PONG/Balle/div_6MHz.vhd:6' bound to instance 'B0' of component 'div_6MHz' [C:/Users/maxim/VHDL/FPGA/AFFICHAGE VGA/PONG/pong.vhd:81]
INFO: [Synth 8-638] synthesizing module 'div_6MHz' [C:/Users/maxim/VHDL/FPGA/AFFICHAGE VGA/PONG/Balle/div_6MHz.vhd:13]
INFO: [Synth 8-256] done synthesizing module 'div_6MHz' (0#1) [C:/Users/maxim/VHDL/FPGA/AFFICHAGE VGA/PONG/Balle/div_6MHz.vhd:13]
INFO: [Synth 8-3491] module 'balle_move' declared at 'C:/Users/maxim/VHDL/FPGA/AFFICHAGE VGA/PONG/Balle/balle_move.vhd:6' bound to instance 'B1' of component 'balle_move' [C:/Users/maxim/VHDL/FPGA/AFFICHAGE VGA/PONG/pong.vhd:82]
INFO: [Synth 8-638] synthesizing module 'balle_move' [C:/Users/maxim/VHDL/FPGA/AFFICHAGE VGA/PONG/Balle/balle_move.vhd:14]
INFO: [Synth 8-256] done synthesizing module 'balle_move' (0#1) [C:/Users/maxim/VHDL/FPGA/AFFICHAGE VGA/PONG/Balle/balle_move.vhd:14]
INFO: [Synth 8-3491] module 'mux_score' declared at 'C:/Users/maxim/VHDL/FPGA/AFFICHAGE VGA/PONG/score/mux_score.vhd:6' bound to instance 'S0' of component 'mux_score' [C:/Users/maxim/VHDL/FPGA/AFFICHAGE VGA/PONG/pong.vhd:85]
INFO: [Synth 8-638] synthesizing module 'mux_score' [C:/Users/maxim/VHDL/FPGA/AFFICHAGE VGA/PONG/score/mux_score.vhd:14]
INFO: [Synth 8-256] done synthesizing module 'mux_score' (0#1) [C:/Users/maxim/VHDL/FPGA/AFFICHAGE VGA/PONG/score/mux_score.vhd:14]
INFO: [Synth 8-3491] module 'score_aff' declared at 'C:/Users/maxim/VHDL/FPGA/AFFICHAGE VGA/PONG/score/score_aff.vhd:6' bound to instance 'S1' of component 'score_aff' [C:/Users/maxim/VHDL/FPGA/AFFICHAGE VGA/PONG/pong.vhd:86]
INFO: [Synth 8-638] synthesizing module 'score_aff' [C:/Users/maxim/VHDL/FPGA/AFFICHAGE VGA/PONG/score/score_aff.vhd:15]
WARNING: [Synth 8-614] signal 'J1_SCORE' is read in the process but is not in the sensitivity list [C:/Users/maxim/VHDL/FPGA/AFFICHAGE VGA/PONG/score/score_aff.vhd:18]
WARNING: [Synth 8-614] signal 'J2_SCORE' is read in the process but is not in the sensitivity list [C:/Users/maxim/VHDL/FPGA/AFFICHAGE VGA/PONG/score/score_aff.vhd:18]
INFO: [Synth 8-256] done synthesizing module 'score_aff' (0#1) [C:/Users/maxim/VHDL/FPGA/AFFICHAGE VGA/PONG/score/score_aff.vhd:15]
INFO: [Synth 8-3491] module 'image' declared at 'C:/Users/maxim/VHDL/FPGA/AFFICHAGE VGA/PONG/image.vhd:6' bound to instance 'A2' of component 'image' [C:/Users/maxim/VHDL/FPGA/AFFICHAGE VGA/PONG/pong.vhd:89]
INFO: [Synth 8-638] synthesizing module 'image' [C:/Users/maxim/VHDL/FPGA/AFFICHAGE VGA/PONG/image.vhd:13]
INFO: [Synth 8-256] done synthesizing module 'image' (0#1) [C:/Users/maxim/VHDL/FPGA/AFFICHAGE VGA/PONG/image.vhd:13]
INFO: [Synth 8-256] done synthesizing module 'pong' (0#1) [C:/Users/maxim/VHDL/FPGA/AFFICHAGE VGA/PONG/pong.vhd:12]
---------------------------------------------------------------------------------
Finished RTL Elaboration : Time (s): cpu = 00:00:05 ; elapsed = 00:00:06 . Memory (MB): peak = 1431.059 ; gain = 550.844
---------------------------------------------------------------------------------
---------------------------------------------------------------------------------
Start Handling Custom Attributes
---------------------------------------------------------------------------------
---------------------------------------------------------------------------------
Finished Handling Custom Attributes : Time (s): cpu = 00:00:05 ; elapsed = 00:00:06 . Memory (MB): peak = 1431.059 ; gain = 550.844
---------------------------------------------------------------------------------
---------------------------------------------------------------------------------
Finished RTL Optimization Phase 1 : Time (s): cpu = 00:00:05 ; elapsed = 00:00:06 . Memory (MB): peak = 1431.059 ; gain = 550.844
---------------------------------------------------------------------------------
Netlist sorting complete. Time (s): cpu = 00:00:00 ; elapsed = 00:00:00.004 . Memory (MB): peak = 1431.059 ; gain = 0.000
INFO: [Project 1-570] Preparing netlist for logic optimization

Processing XDC Constraints
Initializing timing engine
Parsing XDC File [C:/Users/maxim/VHDL/FPGA/AFFICHAGE VGA/PONG/BASYS3.xdc]
Finished Parsing XDC File [C:/Users/maxim/VHDL/FPGA/AFFICHAGE VGA/PONG/BASYS3.xdc]
INFO: [Project 1-236] Implementation specific constraints were found while reading constraint file [C:/Users/maxim/VHDL/FPGA/AFFICHAGE VGA/PONG/BASYS3.xdc]. These constraints will be ignored for synthesis but will be used in implementation. Impacted constraints are listed in the file [.Xil/pong_propImpl.xdc].
Resolution: To avoid this warning, move constraints listed in [.Xil/pong_propImpl.xdc] to another XDC file and exclude this new file from synthesis with the used_in_synthesis property (File Properties dialog in GUI) and re-run elaboration/synthesis.
Completed Processing XDC Constraints

Netlist sorting complete. Time (s): cpu = 00:00:00 ; elapsed = 00:00:00 . Memory (MB): peak = 1530.961 ; gain = 0.000
INFO: [Project 1-111] Unisim Transformation Summary:
No Unisim elements were transformed.

The system cannot find the path specified.
Constraint Validation Runtime : Time (s): cpu = 00:00:00 ; elapsed = 00:00:00.003 . Memory (MB): peak = 1530.961 ; gain = 0.000
INFO: [Designutils 20-5440] No compile time benefit to using incremental synthesis; A full resynthesis will be run
INFO: [Designutils 20-4379] Flow is switching to default flow due to incremental criteria not met. If you would like to alter this behaviour and have the flow terminate instead, please set the following parameter config_implementation {autoIncr.Synth.RejectBehavior Terminate}
---------------------------------------------------------------------------------
Finished Constraint Validation : Time (s): cpu = 00:00:11 ; elapsed = 00:00:12 . Memory (MB): peak = 1530.961 ; gain = 650.746
---------------------------------------------------------------------------------
---------------------------------------------------------------------------------
Start Loading Part and Timing Information
---------------------------------------------------------------------------------
Loading part: xc7a35tcpg236-1
---------------------------------------------------------------------------------
Finished Loading Part and Timing Information : Time (s): cpu = 00:00:11 ; elapsed = 00:00:12 . Memory (MB): peak = 1530.961 ; gain = 650.746
---------------------------------------------------------------------------------
---------------------------------------------------------------------------------
Start Applying 'set_property' XDC Constraints
---------------------------------------------------------------------------------
---------------------------------------------------------------------------------
Finished applying 'set_property' XDC Constraints : Time (s): cpu = 00:00:11 ; elapsed = 00:00:12 . Memory (MB): peak = 1530.961 ; gain = 650.746
---------------------------------------------------------------------------------
WARNING: [Synth 8-327] inferring latch for variable 'IS_NUMBER_reg' [C:/Users/maxim/VHDL/FPGA/AFFICHAGE VGA/PONG/score/score_aff.vhd:21]
---------------------------------------------------------------------------------
Finished RTL Optimization Phase 2 : Time (s): cpu = 00:00:11 ; elapsed = 00:00:13 . Memory (MB): peak = 1530.961 ; gain = 650.746
---------------------------------------------------------------------------------
---------------------------------------------------------------------------------
Start RTL Component Statistics 
---------------------------------------------------------------------------------
Detailed RTL Component Info : 
+---Adders : 
	   2 Input   32 Bit       Adders := 2     
	   3 Input   13 Bit       Adders := 4     
	   2 Input   12 Bit       Adders := 4     
	   2 Input   11 Bit       Adders := 2     
	   2 Input    4 Bit       Adders := 1     
	   2 Input    3 Bit       Adders := 2     
	   2 Input    2 Bit       Adders := 1     
+---Registers : 
	               32 Bit    Registers := 4     
	               11 Bit    Registers := 2     
	                4 Bit    Registers := 1     
	                3 Bit    Registers := 2     
	                2 Bit    Registers := 1     
	                1 Bit    Registers := 2     
+---Muxes : 
	   2 Input   32 Bit        Muxes := 4     
	   2 Input   11 Bit        Muxes := 2     
	   2 Input    4 Bit        Muxes := 3     
	   2 Input    2 Bit        Muxes := 1     
	   2 Input    1 Bit        Muxes := 26    
	   7 Input    1 Bit        Muxes := 4     
	   5 Input    1 Bit        Muxes := 4     
---------------------------------------------------------------------------------
Finished RTL Component Statistics 
---------------------------------------------------------------------------------
---------------------------------------------------------------------------------
Start Part Resource Summary
---------------------------------------------------------------------------------
Part Resources:
DSPs: 90 (col length:60)
BRAMs: 100 (col length: RAMB18 60 RAMB36 30)
---------------------------------------------------------------------------------
Finished Part Resource Summary
---------------------------------------------------------------------------------
---------------------------------------------------------------------------------
Start Cross Boundary and Area Optimization
---------------------------------------------------------------------------------
WARNING: [Synth 8-7080] Parallel synthesis criteria is not met
---------------------------------------------------------------------------------
Finished Cross Boundary and Area Optimization : Time (s): cpu = 00:00:13 ; elapsed = 00:00:15 . Memory (MB): peak = 1530.961 ; gain = 650.746
---------------------------------------------------------------------------------
---------------------------------------------------------------------------------
Start Applying XDC Timing Constraints
---------------------------------------------------------------------------------
---------------------------------------------------------------------------------
Finished Applying XDC Timing Constraints : Time (s): cpu = 00:00:17 ; elapsed = 00:00:19 . Memory (MB): peak = 1530.961 ; gain = 650.746
---------------------------------------------------------------------------------
---------------------------------------------------------------------------------
Start Timing Optimization
---------------------------------------------------------------------------------
---------------------------------------------------------------------------------
Finished Timing Optimization : Time (s): cpu = 00:00:17 ; elapsed = 00:00:19 . Memory (MB): peak = 1530.961 ; gain = 650.746
---------------------------------------------------------------------------------
---------------------------------------------------------------------------------
Start Technology Mapping
---------------------------------------------------------------------------------
---------------------------------------------------------------------------------
Finished Technology Mapping : Time (s): cpu = 00:00:17 ; elapsed = 00:00:19 . Memory (MB): peak = 1530.961 ; gain = 650.746
---------------------------------------------------------------------------------
---------------------------------------------------------------------------------
Start IO Insertion
---------------------------------------------------------------------------------
---------------------------------------------------------------------------------
Start Flattening Before IO Insertion
---------------------------------------------------------------------------------
---------------------------------------------------------------------------------
Finished Flattening Before IO Insertion
---------------------------------------------------------------------------------
---------------------------------------------------------------------------------
Start Final Netlist Cleanup
---------------------------------------------------------------------------------
---------------------------------------------------------------------------------
Finished Final Netlist Cleanup
---------------------------------------------------------------------------------
---------------------------------------------------------------------------------
Finished IO Insertion : Time (s): cpu = 00:00:21 ; elapsed = 00:00:23 . Memory (MB): peak = 1530.961 ; gain = 650.746
---------------------------------------------------------------------------------
---------------------------------------------------------------------------------
Start Renaming Generated Instances
---------------------------------------------------------------------------------
---------------------------------------------------------------------------------
Finished Renaming Generated Instances : Time (s): cpu = 00:00:21 ; elapsed = 00:00:23 . Memory (MB): peak = 1530.961 ; gain = 650.746
---------------------------------------------------------------------------------
---------------------------------------------------------------------------------
Start Rebuilding User Hierarchy
---------------------------------------------------------------------------------
---------------------------------------------------------------------------------
Finished Rebuilding User Hierarchy : Time (s): cpu = 00:00:21 ; elapsed = 00:00:23 . Memory (MB): peak = 1530.961 ; gain = 650.746
---------------------------------------------------------------------------------
---------------------------------------------------------------------------------
Start Renaming Generated Ports
---------------------------------------------------------------------------------
---------------------------------------------------------------------------------
Finished Renaming Generated Ports : Time (s): cpu = 00:00:21 ; elapsed = 00:00:23 . Memory (MB): peak = 1530.961 ; gain = 650.746
---------------------------------------------------------------------------------
---------------------------------------------------------------------------------
Start Handling Custom Attributes
---------------------------------------------------------------------------------
---------------------------------------------------------------------------------
Finished Handling Custom Attributes : Time (s): cpu = 00:00:21 ; elapsed = 00:00:23 . Memory (MB): peak = 1530.961 ; gain = 650.746
---------------------------------------------------------------------------------
---------------------------------------------------------------------------------
Start Renaming Generated Nets
---------------------------------------------------------------------------------
---------------------------------------------------------------------------------
Finished Renaming Generated Nets : Time (s): cpu = 00:00:21 ; elapsed = 00:00:23 . Memory (MB): peak = 1530.961 ; gain = 650.746
---------------------------------------------------------------------------------
---------------------------------------------------------------------------------
Start Writing Synthesis Report
---------------------------------------------------------------------------------

Report BlackBoxes: 
+-+--------------+----------+
| |BlackBox name |Instances |
+-+--------------+----------+
+-+--------------+----------+

Report Cell Usage: 
+------+-------+------+
|      |Cell   |Count |
+------+-------+------+
|1     |BUFG   |     2|
|2     |CARRY4 |    56|
|3     |LUT1   |    95|
|4     |LUT2   |   205|
|5     |LUT3   |    78|
|6     |LUT4   |     9|
|7     |LUT5   |    13|
|8     |LUT6   |    26|
|9     |FDCE   |   145|
|10    |FDPE   |     6|
|11    |FDRE   |     2|
|12    |LDC    |     1|
|13    |IBUF   |     2|
|14    |OBUF   |    14|
+------+-------+------+
---------------------------------------------------------------------------------
Finished Writing Synthesis Report : Time (s): cpu = 00:00:21 ; elapsed = 00:00:23 . Memory (MB): peak = 1530.961 ; gain = 650.746
---------------------------------------------------------------------------------
Synthesis finished with 0 errors, 0 critical warnings and 2 warnings.
Synthesis Optimization Runtime : Time (s): cpu = 00:00:15 ; elapsed = 00:00:21 . Memory (MB): peak = 1530.961 ; gain = 550.844
Synthesis Optimization Complete : Time (s): cpu = 00:00:21 ; elapsed = 00:00:23 . Memory (MB): peak = 1530.961 ; gain = 650.746
INFO: [Project 1-571] Translating synthesized netlist
Netlist sorting complete. Time (s): cpu = 00:00:00 ; elapsed = 00:00:00.005 . Memory (MB): peak = 1530.961 ; gain = 0.000
INFO: [Netlist 29-17] Analyzing 57 Unisim elements for replacement
INFO: [Netlist 29-28] Unisim Transformation completed in 0 CPU seconds
INFO: [Project 1-570] Preparing netlist for logic optimization
INFO: [Opt 31-138] Pushed 0 inverter(s) to 0 load pin(s).
Netlist sorting complete. Time (s): cpu = 00:00:00 ; elapsed = 00:00:00 . Memory (MB): peak = 1530.961 ; gain = 0.000
INFO: [Project 1-111] Unisim Transformation Summary:
  A total of 1 instances were transformed.
  LDC => LDCE: 1 instance 

The system cannot find the path specified.
Synth Design complete | Checksum: 14e52880
INFO: [Common 17-83] Releasing license: Synthesis
44 Infos, 4 Warnings, 0 Critical Warnings and 0 Errors encountered.
synth_design completed successfully
synth_design: Time (s): cpu = 00:00:25 ; elapsed = 00:00:27 . Memory (MB): peak = 1530.961 ; gain = 1043.746
Write ShapeDB Complete: Time (s): cpu = 00:00:00 ; elapsed = 00:00:00.002 . Memory (MB): peak = 1530.961 ; gain = 0.000
INFO: [Common 17-1381] The checkpoint 'C:/Users/maxim/VHDL/FPGA/AFFICHAGE VGA/PONG/PONG/PONG.runs/synth_1/pong.dcp' has been generated.
INFO: [runtcl-4] Executing : report_utilization -file pong_utilization_synth.rpt -pb pong_utilization_synth.pb
INFO: [Common 17-206] Exiting Vivado at Thu Apr  4 16:13:56 2024...
