Copyright 1986-2022 Xilinx, Inc. All Rights Reserved. Copyright 2022-2023 Advanced Micro Devices, Inc. All Rights Reserved.
---------------------------------------------------------------------------------------------------------------------------------------------
| Tool Version : Vivado v.2023.2 (win64) Build 4029153 Fri Oct 13 20:14:34 MDT 2023
| Date         : Sat Apr  6 17:35:17 2024
| Host         : Max_Laptop running 64-bit major release  (build 9200)
| Command      : report_control_sets -verbose -file pong_control_sets_placed.rpt
| Design       : pong
| Device       : xc7a35t
---------------------------------------------------------------------------------------------------------------------------------------------

Control Set Information

Table of Contents
-----------------
1. Summary
2. Histogram
3. Flip-Flop Distribution
4. Detailed Control Set Information

1. Summary
----------

+----------------------------------------------------------+-------+
|                          Status                          | Count |
+----------------------------------------------------------+-------+
| Total control sets                                       |    12 |
|    Minimum number of control sets                        |    12 |
|    Addition due to synthesis replication                 |     0 |
|    Addition due to physical synthesis replication        |     0 |
| Unused register locations in slices containing registers |    42 |
+----------------------------------------------------------+-------+
* Control sets can be merged at opt_design using control_set_merge or merge_equivalent_drivers
** Run report_qor_suggestions for automated merging and remapping suggestions


2. Histogram
------------

+--------------------+-------+
|       Fanout       | Count |
+--------------------+-------+
| Total control sets |    12 |
| >= 0 to < 4        |     3 |
| >= 4 to < 6        |     1 |
| >= 6 to < 8        |     0 |
| >= 8 to < 10       |     0 |
| >= 10 to < 12      |     2 |
| >= 12 to < 14      |     0 |
| >= 14 to < 16      |     1 |
| >= 16              |     5 |
+--------------------+-------+
* Control sets can be remapped at either synth_design or opt_design


3. Flip-Flop Distribution
-------------------------

+--------------+-----------------------+------------------------+-----------------+--------------+
| Clock Enable | Synchronous Set/Reset | Asynchronous Set/Reset | Total Registers | Total Slices |
+--------------+-----------------------+------------------------+-----------------+--------------+
| No           | No                    | No                     |               3 |            2 |
| No           | No                    | Yes                    |              28 |           14 |
| No           | Yes                   | No                     |               2 |            2 |
| Yes          | No                    | No                     |               0 |            0 |
| Yes          | No                    | Yes                    |             197 |           49 |
| Yes          | Yes                   | No                     |               0 |            0 |
+--------------+-----------------------+------------------------+-----------------+--------------+


4. Detailed Control Set Information
-----------------------------------

+----------------------+------------------------+------------------+------------------+----------------+--------------+
|     Clock Signal     |      Enable Signal     | Set/Reset Signal | Slice Load Count | Bel Load Count | Bels / Slice |
+----------------------+------------------------+------------------+------------------+----------------+--------------+
|  A1/score_1_reg[2]   |                        | S1/RST           |                1 |              1 |         1.00 |
|  S0/score_1_reg[0]_0 |                        | S1/RST           |                1 |              1 |         1.00 |
|  CLK_IBUF_BUFG       |                        |                  |                2 |              3 |         1.50 |
|  balle_clk_s_BUFG    |                        | S1/RST           |                2 |              4 |         2.00 |
|  A0/PIXEL_CLK        |                        | S1/RST           |                6 |             10 |         1.67 |
|  A0/PIXEL_CLK        | A1/countY[9]_i_1_n_0   | S1/RST           |                5 |             10 |         2.00 |
|  CLK_IBUF_BUFG       |                        | S1/RST           |                6 |             14 |         2.33 |
|  balle_clk_s_BUFG    | B2/VyBalle[31]_i_1_n_0 | S1/RST           |                6 |             30 |         5.00 |
|  balle_clk_s_BUFG    | A1/E[0]                | S1/RST           |                5 |             30 |         6.00 |
|  RAQUETTE_CLK_BUFG   | R1/yRaquetteD          | S1/RST           |                8 |             32 |         4.00 |
|  RAQUETTE_CLK_BUFG   | R1/yRaquetteG          | S1/RST           |                8 |             32 |         4.00 |
|  balle_clk_s_BUFG    | A1/frame               | S1/RST           |               17 |             63 |         3.71 |
+----------------------+------------------------+------------------+------------------+----------------+--------------+


